# JRE version: 7.0_09-b05
# Java VM: Java HotSpot(TM) 64-Bit Server VM (23.5-b02 mixed mode windows-amd64 compressed oops)
Heap
 PSYoungGen      total 224704K, used 93122K [0x00000000f0000000, 0x00000000ff7c0000, 0x0000000100000000)
  eden space 210304K, 37% used [0x00000000f0000000,0x00000000f4cf0028,0x00000000fcd60000)
  from space 14400K, 99% used [0x00000000fd720000,0x00000000fe520998,0x00000000fe530000)
  to   space 19008K, 0% used [0x00000000fe530000,0x00000000fe530000,0x00000000ff7c0000)
 ParOldGen       total 69312K, used 46678K [0x00000000d0000000, 0x00000000d43b0000, 0x00000000f0000000)
  object space 69312K, 67% used [0x00000000d0000000,0x00000000d2d95a30,0x00000000d43b0000)
 PSPermGen       total 72128K, used 57212K [0x00000000b8000000, 0x00000000bc670000, 0x00000000d0000000)
  object space 72128K, 79% used [0x00000000b8000000,0x00000000bb7df0a8,0x00000000bc670000)
GC Heap History (10 events):
Event: 8.874 GC heap before
{Heap before GC invocations=19 (full 2):
 PSYoungGen      total 193600K, used 180608K [0x00000000f0000000, 0x00000000fd890000, 0x0000000100000000)
  eden space 180416K, 100% used [0x00000000f0000000,0x00000000fb030000,0x00000000fb030000)
  from space 13184K, 1% used [0x00000000fc140000,0x00000000fc1701b0,0x00000000fce20000)
  to   space 17472K, 0% used [0x00000000fb030000,0x00000000fb030000,0x00000000fc140000)
 ParOldGen       total 69312K, used 39356K [0x00000000d0000000, 0x00000000d43b0000, 0x00000000f0000000)
  object space 69312K, 56% used [0x00000000d0000000,0x00000000d266f2d8,0x00000000d43b0000)
 PSPermGen       total 72128K, used 52581K [0x00000000b8000000, 0x00000000bc670000, 0x00000000d0000000)
  object space 72128K, 72% used [0x00000000b8000000,0x00000000bb359778,0x00000000bc670000)
Event: 8.892 GC heap after
Heap after GC invocations=19 (full 2):
 PSYoungGen      total 197888K, used 7680K [0x00000000f0000000, 0x00000000fe6f0000, 0x0000000100000000)
  eden space 180416K, 0% used [0x00000000f0000000,0x00000000f0000000,0x00000000fb030000)
  from space 17472K, 43% used [0x00000000fb030000,0x00000000fb7b0050,0x00000000fc140000)
  to   space 16640K, 0% used [0x00000000fd6b0000,0x00000000fd6b0000,0x00000000fe6f0000)
 ParOldGen       total 69312K, used 39568K [0x00000000d0000000, 0x00000000d43b0000, 0x00000000f0000000)
  object space 69312K, 57% used [0x00000000d0000000,0x00000000d26a42e8,0x00000000d43b0000)
 PSPermGen       total 72128K, used 52581K [0x00000000b8000000, 0x00000000bc670000, 0x00000000d0000000)
  object space 72128K, 72% used [0x00000000b8000000,0x00000000bb359778,0x00000000bc670000)
}
Event: 9.532 GC heap before
{Heap before GC invocations=20 (full 2):
 PSYoungGen      total 197888K, used 188096K [0x00000000f0000000, 0x00000000fe6f0000, 0x0000000100000000)
  eden space 180416K, 100% used [0x00000000f0000000,0x00000000fb030000,0x00000000fb030000)
  from space 17472K, 43% used [0x00000000fb030000,0x00000000fb7b0050,0x00000000fc140000)
  to   space 16640K, 0% used [0x00000000fd6b0000,0x00000000fd6b0000,0x00000000fe6f0000)
 ParOldGen       total 69312K, used 39568K [0x00000000d0000000, 0x00000000d43b0000, 0x00000000f0000000)
  object space 69312K, 57% used [0x00000000d0000000,0x00000000d26a42e8,0x00000000d43b0000)
 PSPermGen       total 72128K, used 53079K [0x00000000b8000000, 0x00000000bc670000, 0x00000000d0000000)
  object space 72128K, 73% used [0x00000000b8000000,0x00000000bb3d5d80,0x00000000bc670000)
Event: 9.539 GC heap after
Heap after GC invocations=20 (full 2):
 PSYoungGen      total 219840K, used 9696K [0x00000000f0000000, 0x00000000fe700000, 0x0000000100000000)
  eden space 203200K, 0% used [0x00000000f0000000,0x00000000f0000000,0x00000000fc670000)
  from space 16640K, 58% used [0x00000000fd6b0000,0x00000000fe0282e0,0x00000000fe6f0000)
  to   space 16640K, 0% used [0x00000000fc670000,0x00000000fc670000,0x00000000fd6b0000)
 ParOldGen       total 69312K, used 39568K [0x00000000d0000000, 0x00000000d43b0000, 0x00000000f0000000)
  object space 69312K, 57% used [0x00000000d0000000,0x00000000d26a42e8,0x00000000d43b0000)
 PSPermGen       total 72128K, used 53079K [0x00000000b8000000, 0x00000000bc670000, 0x00000000d0000000)
  object space 72128K, 73% used [0x00000000b8000000,0x00000000bb3d5d80,0x00000000bc670000)
}
Event: 10.319 GC heap before
{Heap before GC invocations=21 (full 2):
 PSYoungGen      total 219840K, used 212896K [0x00000000f0000000, 0x00000000fe700000, 0x0000000100000000)
  eden space 203200K, 100% used [0x00000000f0000000,0x00000000fc670000,0x00000000fc670000)
  from space 16640K, 58% used [0x00000000fd6b0000,0x00000000fe0282e0,0x00000000fe6f0000)
  to   space 16640K, 0% used [0x00000000fc670000,0x00000000fc670000,0x00000000fd6b0000)
 ParOldGen       total 69312K, used 39568K [0x00000000d0000000, 0x00000000d43b0000, 0x00000000f0000000)
  object space 69312K, 57% used [0x00000000d0000000,0x00000000d26a42e8,0x00000000d43b0000)
 PSPermGen       total 72128K, used 55016K [0x00000000b8000000, 0x00000000bc670000, 0x00000000d0000000)
  object space 72128K, 76% used [0x00000000b8000000,0x00000000bb5ba188,0x00000000bc670000)
Event: 10.326 GC heap after
Heap after GC invocations=21 (full 2):
 PSYoungGen      total 219840K, used 13113K [0x00000000f0000000, 0x0000000100000000, 0x0000000100000000)
  eden space 203200K, 0% used [0x00000000f0000000,0x00000000f0000000,0x00000000fc670000)
  from space 16640K, 78% used [0x00000000fc670000,0x00000000fd33e780,0x00000000fd6b0000)
  to   space 17792K, 0% used [0x00000000feea0000,0x00000000feea0000,0x0000000100000000)
 ParOldGen       total 69312K, used 39568K [0x00000000d0000000, 0x00000000d43b0000, 0x00000000f0000000)
  object space 69312K, 57% used [0x00000000d0000000,0x00000000d26a42e8,0x00000000d43b0000)
 PSPermGen       total 72128K, used 55016K [0x00000000b8000000, 0x00000000bc670000, 0x00000000d0000000)
  object space 72128K, 76% used [0x00000000b8000000,0x00000000bb5ba188,0x00000000bc670000)
}
Event: 33.416 GC heap before
{Heap before GC invocations=22 (full 2):
 PSYoungGen      total 219840K, used 216313K [0x00000000f0000000, 0x0000000100000000, 0x0000000100000000)
  eden space 203200K, 100% used [0x00000000f0000000,0x00000000fc670000,0x00000000fc670000)
  from space 16640K, 78% used [0x00000000fc670000,0x00000000fd33e780,0x00000000fd6b0000)
  to   space 17792K, 0% used [0x00000000feea0000,0x00000000feea0000,0x0000000100000000)
 ParOldGen       total 69312K, used 39568K [0x00000000d0000000, 0x00000000d43b0000, 0x00000000f0000000)
  object space 69312K, 57% used [0x00000000d0000000,0x00000000d26a42e8,0x00000000d43b0000)
 PSPermGen       total 72128K, used 56471K [0x00000000b8000000, 0x00000000bc670000, 0x00000000d0000000)
  object space 72128K, 78% used [0x00000000b8000000,0x00000000bb725ea8,0x00000000bc670000)
Event: 33.439 GC heap after
Heap after GC invocations=22 (full 2):
 PSYoungGen      total 238080K, used 17782K [0x00000000f0000000, 0x0000000100000000, 0x0000000100000000)
  eden space 220288K, 0% used [0x00000000f0000000,0x00000000f0000000,0x00000000fd720000)
  from space 17792K, 99% used [0x00000000feea0000,0x00000000ffffdbe0,0x0000000100000000)
  to   space 20928K, 0% used [0x00000000fd720000,0x00000000fd720000,0x00000000feb90000)
 ParOldGen       total 69312K, used 40893K [0x00000000d0000000, 0x00000000d43b0000, 0x00000000f0000000)
  object space 69312K, 58% used [0x00000000d0000000,0x00000000d27ef668,0x00000000d43b0000)
 PSPermGen       total 72128K, used 56471K [0x00000000b8000000, 0x00000000bc670000, 0x00000000d0000000)
  object space 72128K, 78% used [0x00000000b8000000,0x00000000bb725ea8,0x00000000bc670000)
}
Event: 908.863 GC heap before
{Heap before GC invocations=23 (full 2):
 PSYoungGen      total 238080K, used 238070K [0x00000000f0000000, 0x0000000100000000, 0x0000000100000000)
  eden space 220288K, 100% used [0x00000000f0000000,0x00000000fd720000,0x00000000fd720000)
  from space 17792K, 99% used [0x00000000feea0000,0x00000000ffffdbe0,0x0000000100000000)
  to   space 20928K, 0% used [0x00000000fd720000,0x00000000fd720000,0x00000000feb90000)
 ParOldGen       total 69312K, used 40893K [0x00000000d0000000, 0x00000000d43b0000, 0x00000000f0000000)
  object space 69312K, 58% used [0x00000000d0000000,0x00000000d27ef668,0x00000000d43b0000)
 PSPermGen       total 72128K, used 56896K [0x00000000b8000000, 0x00000000bc670000, 0x00000000d0000000)
  object space 72128K, 78% used [0x00000000b8000000,0x00000000bb7903b0,0x00000000bc670000)
Event: 908.876 GC heap after
Heap after GC invocations=23 (full 2):
 PSYoungGen      total 224704K, used 14338K [0x00000000f0000000, 0x00000000ff7c0000, 0x0000000100000000)
  eden space 210304K, 0% used [0x00000000f0000000,0x00000000f0000000,0x00000000fcd60000)
  from space 14400K, 99% used [0x00000000fd720000,0x00000000fe520998,0x00000000fe530000)
  to   space 19008K, 0% used [0x00000000fe530000,0x00000000fe530000,0x00000000ff7c0000)
 ParOldGen       total 69312K, used 46678K [0x00000000d0000000, 0x00000000d43b0000, 0x00000000f0000000)
  object space 69312K, 67% used [0x00000000d0000000,0x00000000d2d95a30,0x00000000d43b0000)
 PSPermGen       total 72128K, used 56896K [0x00000000b8000000, 0x00000000bc670000, 0x00000000d0000000)
  object space 72128K, 78% used [0x00000000b8000000,0x00000000bb7903b0,0x00000000bc670000)
}

